build/app/outputs/mapping/release/seeds.txt
com.victorflame.binarymemory.binarymemory.MainActivity
com.victorflame.binarymemory.binarymemory.MainActivity: MainActivity()
...
io.flutter.view.AccessibilityViewEmbedder: boolean performAction(int,int,android.os.Bundle)
androidx.window.embedding.SplitController: void setStaticSplitRules(java.util.Set)
androidx.window.layout.DisplayFeature: android.graphics.Rect getBounds()
androidx.window.layout.WindowMetricsCalculatorCompat: int getNavigationBarHeight(android.content.Context)
io.flutter.embedding.engine.renderer.FlutterRenderer$DisplayFeatureState: io.flutter.embedding.engine.renderer.FlutterRenderer$DisplayFeatureState valueOf(java.lang.String)
io.flutter.plugin.editing.ImeSyncDeferringInsetsCallback: boolean access$300(io.flutter.plugin.editing.ImeSyncDeferringInsetsCallback)
androidx.window.embedding.SplitPairFilter: android.content.ComponentName getSecondaryActivityName()
androidx.window.core.Version: int compareTo(androidx.window.core.Version)
androidx.window.core.Bounds: boolean isZero()
androidx.window.embedding.ActivityFilter: int hashCode()
androidx.window.layout.SidecarCompat: boolean validateExtensionInterface()
androidx.window.R$styleable: R$styleable()
io.flutter.embedding.engine.FlutterJNI: void nativeSurfaceDestroyed(long)
androidx.window.layout.WindowLayoutInfo: java.lang.String toString()
androidx.window.layout.WindowInfoTracker$-CC: androidx.window.layout.WindowInfoTracker getOrCreate(android.content.Context)
androidx.window.embedding.ActivityStack: java.util.List getActivities$window_release()
androidx.window.layout.FoldingFeature$OcclusionType$Companion: FoldingFeature$OcclusionType$Companion()
io.flutter.embedding.engine.renderer.SurfaceTextureWrapper: void release()
androidx.window.embedding.ExtensionEmbeddingBackend: void unregisterRule(androidx.window.embedding.EmbeddingRule)
androidx.window.layout.SidecarWindowBackend: void callbackRemovedForActivity(android.app.Activity)
androidx.window.layout.DisplayCompatHelperApi28: int safeInsetTop(android.view.DisplayCutout)
io.flutter.embedding.engine.FlutterJNI: android.graphics.Bitmap nativeGetBitmap(long)
io.flutter.embedding.engine.FlutterJNI: boolean nativeFlutterTextUtilsIsRegionalIndicator(int)
io.flutter.embedding.engine.FlutterJNI: void updateCustomAccessibilityActions(java.nio.ByteBuffer,java.lang.String[])
androidx.window.layout.FoldingFeature: androidx.window.layout.FoldingFeature$State getState()
io.flutter.embedding.engine.FlutterJNI: void onPreEngineRestart()
io.flutter.plugins.GeneratedPluginRegistrant: void registerWith(io.flutter.embedding.engine.FlutterEngine)
androidx.window.layout.WindowInfoTrackerDecorator: androidx.window.layout.WindowInfoTracker decorate(androidx.window.layout.WindowInfoTracker)
androidx.window.core.Bounds: boolean isEmpty()
androidx.window.layout.SidecarWindowBackend$WindowLayoutChangeCallbackWrapper: SidecarWindowBackend$WindowLayoutChangeCallbackWrapper(android.app.Activity,java.util.concurrent.Executor,androidx.core.util.Consumer)
androidx.window.embedding.EmbeddingRule: EmbeddingRule()
io.flutter.embedding.engine.FlutterJNI: void init(android.content.Context,java.lang.String[],java.lang.String,java.lang.String,java.lang.String,long)
kotlin.coroutines.jvm.internal.ContinuationImpl: ContinuationImpl(kotlin.coroutines.Continuation)
io.flutter.embedding.engine.renderer.SurfaceTextureWrapper: void updateTexImage()
androidx.window.layout.WindowMetricsCalculator$Companion: WindowMetricsCalculator$Companion()
androidx.window.embedding.ExtensionEmbeddingBackend: boolean isSplitSupported()
androidx.window.layout.ExtensionsWindowLayoutInfoAdapter: boolean validBounds(android.app.Activity,androidx.window.core.Bounds)
io.flutter.embedding.engine.FlutterJNI: java.lang.String getObservatoryUri()
androidx.window.layout.SidecarWindowBackend$Companion: androidx.window.layout.SidecarWindowBackend getInstance(android.content.Context)
androidx.window.layout.SidecarCompat: void registerConfigurationChangeListener(android.app.Activity)
androidx.window.embedding.SplitController: boolean isSplitSupported()