build/app/outputs/mapping/release/mapping.txt
# compiler: R8
# compiler_version: 3.1.66
# min_api: 16
# pg_map_id: 687366a
# common_typos_disable
# {"id":"com.android.tools.r8.mapping","version":"1.0"}
...
kotlinx.coroutines.CoroutineExceptionHandlerKt -> w0.g0:
    void handleCoroutineException(kotlin.coroutines.CoroutineContext,java.lang.Throwable) -> a
    java.lang.Throwable handlerException(java.lang.Throwable,java.lang.Throwable) -> b
kotlinx.coroutines.CoroutineId -> w0.i0:
    kotlinx.coroutines.CoroutineId$Key Key -> e
    long id -> d
    java.lang.Object updateThreadContext(kotlin.coroutines.CoroutineContext) -> e
    void restoreThreadContext(kotlin.coroutines.CoroutineContext,java.lang.Object) -> g
    long getId() -> i
    void restoreThreadContext(kotlin.coroutines.CoroutineContext,java.lang.String) -> m
    java.lang.String updateThreadContext(kotlin.coroutines.CoroutineContext) -> p
kotlinx.coroutines.CoroutineId$Key -> w0.i0$a:
kotlinx.coroutines.CoroutineName -> w0.j0:
    kotlinx.coroutines.CoroutineName$Key Key -> e
    java.lang.String name -> d
    java.lang.String getName() -> i
kotlinx.coroutines.CoroutineName$Key -> w0.j0$a:
kotlinx.coroutines.CoroutineScope -> w0.k0:
    kotlin.coroutines.CoroutineContext getCoroutineContext() -> t
kotlinx.coroutines.CoroutineScopeKt -> w0.l0:
    kotlinx.coroutines.CoroutineScope CoroutineScope(kotlin.coroutines.CoroutineContext) -> a
    void cancel(kotlinx.coroutines.CoroutineScope,java.util.concurrent.CancellationException) -> b
    void cancel$default(kotlinx.coroutines.CoroutineScope,java.util.concurrent.CancellationException,int,java.lang.Object) -> c
kotlinx.coroutines.CoroutineStart -> w0.m0:
    kotlinx.coroutines.CoroutineStart UNDISPATCHED -> g
    kotlinx.coroutines.CoroutineStart[] $VALUES -> h
    kotlinx.coroutines.CoroutineStart DEFAULT -> d
    kotlinx.coroutines.CoroutineStart ATOMIC -> f
    kotlinx.coroutines.CoroutineStart LAZY -> e
    kotlinx.coroutines.CoroutineStart[] $values() -> a
    void invoke(kotlin.jvm.functions.Function2,java.lang.Object,kotlin.coroutines.Continuation) -> b
    boolean isLazy() -> c
kotlinx.coroutines.CoroutineStart$WhenMappings -> w0.m0$a:
    int[] $EnumSwitchMapping$0 -> a
kotlinx.coroutines.CoroutinesInternalError -> w0.n0:
kotlinx.coroutines.DebugKt -> w0.o0:
    boolean ASSERTIONS_ENABLED -> a
    boolean DEBUG -> b
    java.util.concurrent.atomic.AtomicLong COROUTINE_ID -> d
    boolean RECOVER_STACK_TRACES -> c
    boolean getASSERTIONS_ENABLED() -> a
    java.util.concurrent.atomic.AtomicLong getCOROUTINE_ID() -> b
    boolean getDEBUG() -> c
    boolean getRECOVER_STACK_TRACES() -> d
kotlinx.coroutines.DebugStringsKt -> w0.p0:
    java.lang.String getClassSimpleName(java.lang.Object) -> a
    java.lang.String getHexAddress(java.lang.Object) -> b
    java.lang.String toDebugString(kotlin.coroutines.Continuation) -> c
kotlinx.coroutines.DefaultExecutor -> w0.q0:
    kotlinx.coroutines.DefaultExecutor INSTANCE -> j
    long KEEP_ALIVE_NANOS -> k
    java.lang.Thread getThread() -> A
    void reschedule(long,kotlinx.coroutines.EventLoopImplBase$DelayedTask) -> B
    void enqueue(java.lang.Runnable) -> G
    void acknowledgeShutdownIfNeeded() -> R
    java.lang.Thread createThreadSync() -> S
    boolean isShutDown() -> T
    boolean isShutdownRequested() -> U
    boolean notifyStartup() -> V
    void shutdownError() -> W
    void shutdown() -> z
kotlinx.coroutines.DefaultExecutorKt -> w0.r0:
    kotlinx.coroutines.Delay DefaultDelay -> b
    boolean defaultMainDelayOptIn -> a
    kotlinx.coroutines.Delay getDefaultDelay() -> a
    kotlinx.coroutines.Delay initializeDefaultDelay() -> b
kotlinx.coroutines.Delay -> w0.s0:
kotlinx.coroutines.DispatchedCoroutine -> w0.t0:
    java.util.concurrent.atomic.AtomicIntegerFieldUpdater _decision$FU -> g
    void afterResume(java.lang.Object) -> u0
    void afterCompletion(java.lang.Object) -> y
    boolean tryResume() -> z0