build/app/outputs/mapping/release/usage.txt
com.victorflame.binarymemory.binarymemory.BuildConfig
com.victorflame.binarymemory.binarymemory.R$attr
com.victorflame.binarymemory.binarymemory.R$color
com.victorflame.binarymemory.binarymemory.R$dimen
com.victorflame.binarymemory.binarymemory.R$drawable
com.victorflame.binarymemory.binarymemory.R$id
com.victorflame.binarymemory.binarymemory.R$integer
com.victorflame.binarymemory.binarymemory.R$layout
com.victorflame.binarymemory.binarymemory.R$menu
com.victorflame.binarymemory.binarymemory.R$mipmap
com.victorflame.binarymemory.binarymemory.R$string
com.victorflame.binarymemory.binarymemory.R$style
com.victorflame.binarymemory.binarymemory.R$styleable
com.victorflame.binarymemory.binarymemory.R
...
com.google.common.util.concurrent.ExecutionSequencer$4
com.google.common.util.concurrent.ExecutionSequencer$RunningState
com.google.common.util.concurrent.ExecutionSequencer
com.google.common.util.concurrent.FakeTimeLimiter
com.google.common.util.concurrent.FluentFuture$TrustedFuture
com.google.common.util.concurrent.FluentFuture
com.google.common.util.concurrent.ForwardingBlockingDeque
com.google.common.util.concurrent.ForwardingBlockingQueue
com.google.common.util.concurrent.ForwardingCondition
com.google.common.util.concurrent.ForwardingExecutorService
com.google.common.util.concurrent.ForwardingFluentFuture
com.google.common.util.concurrent.ForwardingFuture$SimpleForwardingFuture
com.google.common.util.concurrent.ForwardingFuture
com.google.common.util.concurrent.ForwardingListenableFuture$SimpleForwardingListenableFuture
com.google.common.util.concurrent.ForwardingListenableFuture
com.google.common.util.concurrent.ForwardingListeningExecutorService
com.google.common.util.concurrent.ForwardingLock
com.google.common.util.concurrent.FutureCallback
com.google.common.util.concurrent.Futures$1
com.google.common.util.concurrent.Futures$2
com.google.common.util.concurrent.Futures$3
com.google.common.util.concurrent.Futures$CallbackListener
com.google.common.util.concurrent.Futures$FutureCombiner$1
com.google.common.util.concurrent.Futures$FutureCombiner
com.google.common.util.concurrent.Futures$InCompletionOrderFuture
com.google.common.util.concurrent.Futures$InCompletionOrderState
com.google.common.util.concurrent.Futures$NonCancellationPropagatingFuture
com.google.common.util.concurrent.Futures
com.google.common.util.concurrent.FuturesGetChecked$1
com.google.common.util.concurrent.FuturesGetChecked$GetCheckedTypeValidator
com.google.common.util.concurrent.FuturesGetChecked$GetCheckedTypeValidatorHolder$ClassValueValidator$1
com.google.common.util.concurrent.FuturesGetChecked$GetCheckedTypeValidatorHolder$ClassValueValidator
com.google.common.util.concurrent.FuturesGetChecked$GetCheckedTypeValidatorHolder$WeakSetValidator
com.google.common.util.concurrent.FuturesGetChecked$GetCheckedTypeValidatorHolder
com.google.common.util.concurrent.FuturesGetChecked
com.google.common.util.concurrent.GwtFluentFutureCatchingSpecialization
com.google.common.util.concurrent.GwtFuturesCatchingSpecialization
com.google.common.util.concurrent.ImmediateFuture$ImmediateCancelledFuture
com.google.common.util.concurrent.ImmediateFuture$ImmediateFailedFuture
com.google.common.util.concurrent.ImmediateFuture$ImmediateSuccessfulFuture
com.google.common.util.concurrent.ImmediateFuture
com.google.common.util.concurrent.InterruptibleTask$1
com.google.common.util.concurrent.InterruptibleTask$DoNothingRunnable
com.google.common.util.concurrent.InterruptibleTask
com.google.common.util.concurrent.JdkFutureAdapters$ListenableFutureAdapter$1
com.google.common.util.concurrent.JdkFutureAdapters$ListenableFutureAdapter
com.google.common.util.concurrent.JdkFutureAdapters
com.google.common.util.concurrent.ListenableFuture
com.google.common.util.concurrent.ListenableFutureTask
com.google.common.util.concurrent.ListenableScheduledFuture
com.google.common.util.concurrent.ListenerCallQueue$Event
com.google.common.util.concurrent.ListenerCallQueue$PerListenerQueue
com.google.common.util.concurrent.ListenerCallQueue
com.google.common.util.concurrent.ListeningExecutorService
com.google.common.util.concurrent.ListeningScheduledExecutorService
com.google.common.util.concurrent.Monitor$Guard
com.google.common.util.concurrent.Monitor
com.google.common.util.concurrent.MoreExecutors$1
com.google.common.util.concurrent.MoreExecutors$2
com.google.common.util.concurrent.MoreExecutors$3
com.google.common.util.concurrent.MoreExecutors$4
com.google.common.util.concurrent.MoreExecutors$5$1
com.google.common.util.concurrent.MoreExecutors$5
com.google.common.util.concurrent.MoreExecutors$Application$1
com.google.common.util.concurrent.MoreExecutors$Application